[2025-04-07 13:32:11.825] [info] CPU 0: Partition 0
[2025-04-07 13:32:11.825] [info] CPU 1: Partition 1
[2025-04-07 13:32:11.825] [info] CPU 2: Partition 1
[2025-04-07 13:32:11.825] [info] CPU 3: Partition 1
[2025-04-07 13:32:11.825] [info] Running in default mode
[2025-04-07 13:32:11.825] [info] Simulator Configuration:
[2025-04-07 13:32:11.825] [info] [Core 0] Systolic Array Throughput: 131072 GFLOPS, Spad size: 32768 KB, Accumulator size: 4096 KB
[2025-04-07 13:32:11.825] [info] [Core 1] Systolic Array Throughput: 131072 GFLOPS, Spad size: 32768 KB, Accumulator size: 4096 KB
[2025-04-07 13:32:11.825] [info] [Core 2] Systolic Array Throughput: 131072 GFLOPS, Spad size: 32768 KB, Accumulator size: 4096 KB
[2025-04-07 13:32:11.825] [info] [Core 3] Systolic Array Throughput: 131072 GFLOPS, Spad size: 32768 KB, Accumulator size: 4096 KB
[2025-04-07 13:32:11.825] [info] DRAM Bandwidth 614 GB/s
[2025-04-07 13:32:11.825] [info] Ramulator2 config: ./configs/../configs/ramulator2_configs/HBM2.yaml
[2025-04-07 13:32:11.830] [info] Initialize SimpleInterconnect
[2025-04-07 13:32:11.831] [info] No mapping file path : ./models/resnet18/resnet18.mapping
[2025-04-07 13:32:11.831] [info] Register model: resnet18
[2025-04-07 13:32:11.831] [info] Model Name
[2025-04-07 13:32:11.860] [info] ======Start Simulation=====
[2025-04-07 13:32:11.883] [info] [Conv] Used gemmini convolution mapping: [T] N1 C3 M64 P112 Q112 S7 R7 - [O] N1 C1 M1 P4 Q1 S1 R1 - [I] N1 C3 M64 P36 Q112 S7 R7
[2025-04-07 13:32:11.937] [info] [Conv] Used gemmini convolution mapping: [T] N1 C64 M64 P56 Q56 S3 R3 - [O] N1 C1 M1 P1 Q1 S1 R1 - [I] N1 C64 M64 P56 Q56 S3 R3
[2025-04-07 13:32:12.024] [info] [Conv] Used gemmini convolution mapping: [T] N1 C64 M128 P28 Q28 S3 R3 - [O] N1 C1 M1 P1 Q1 S1 R1 - [I] N1 C64 M128 P28 Q28 S3 R3
[2025-04-07 13:32:12.031] [info] [Conv] Used gemmini convolution mapping: [T] N1 C64 M128 P28 Q28 S1 R1 - [O] N1 C1 M1 P1 Q1 S1 R1 - [I] N1 C64 M128 P28 Q28 S1 R1
[2025-04-07 13:32:12.036] [info] [Conv] Used gemmini convolution mapping: [T] N1 C128 M128 P28 Q28 S3 R3 - [O] N1 C1 M1 P1 Q1 S1 R1 - [I] N1 C128 M128 P28 Q28 S3 R3
[2025-04-07 13:32:12.066] [info] [Conv] Used gemmini convolution mapping: [T] N1 C128 M256 P14 Q14 S3 R3 - [O] N1 C1 M1 P1 Q1 S1 R1 - [I] N1 C128 M256 P14 Q14 S3 R3
[2025-04-07 13:32:12.075] [info] [Conv] Used gemmini convolution mapping: [T] N1 C128 M256 P14 Q14 S1 R1 - [O] N1 C1 M1 P1 Q1 S1 R1 - [I] N1 C128 M256 P14 Q14 S1 R1
[2025-04-07 13:32:12.078] [info] [Conv] Used gemmini convolution mapping: [T] N1 C256 M256 P14 Q14 S3 R3 - [O] N1 C1 M1 P1 Q1 S1 R1 - [I] N1 C256 M256 P14 Q14 S3 R3
[2025-04-07 13:32:12.128] [info] [Conv] Used gemmini convolution mapping: [T] N1 C256 M512 P7 Q7 S3 R3 - [O] N1 C1 M1 P1 Q1 S1 R1 - [I] N1 C256 M512 P7 Q7 S3 R3
[2025-04-07 13:32:12.157] [info] [Conv] Used gemmini convolution mapping: [T] N1 C256 M512 P7 Q7 S1 R1 - [O] N1 C1 M1 P1 Q1 S1 R1 - [I] N1 C256 M512 P7 Q7 S1 R1
[2025-04-07 13:32:12.161] [info] [Conv] Used gemmini convolution mapping: [T] N1 C512 M512 P7 Q7 S3 R3 - [O] N1 C1 M1 P1 Q1 S1 R1 - [I] N1 C512 M512 P7 Q7 S3 R3
[2025-04-07 13:32:12.328] [info] [GEMM] spad_size: 33554432 accum_size: 4194304
[2025-04-07 13:32:12.328] [info] [GEMM] required_sram_size: 393216 required_accum_size: 65536
[2025-04-07 13:32:12.328] [info] [GEMM] Used gemmini gemm mapping: Total N:1 C:512 M:1000, Outer N:1 C:1 M:4, Inner N:128 C:512 M:256
[2025-04-07 13:32:12.331] [info] [GemmWs] Keys K = 512, N = 1, M = 1000
[2025-04-07 13:32:12.331] [info] [GemmWS]: total 0.001025 GFLOPs, 0.001029024 GB
[2025-04-07 13:32:12.331] [info] [GemmWS]: Theoretical time(ms): 0.0016759348682171549 Compute time: 7.820129432900558e-06 Memory time: 0.0016759348682171549
[2025-04-07 13:32:12.331] [info] ./models/resnet18/resnet18.onnx Model initialization time: 0.471348 seconds
[2025-04-07 13:32:12.331] [info] Schedule model: resnet18 at 1000 us
[2025-04-07 13:32:12.331] [info] MODEL resnet18 Scheduled, Total Request: 1
[2025-04-07 13:32:12.331] [info] Layer Conv_0 45: Enqueue
[2025-04-07 13:32:12.331] [info] HBM2-CH_0: BW utilization 0% (0 reads, 0 writes)
[2025-04-07 13:32:12.353] [info] Core [0] : MatMul active cycle 47 Vector active cycle 0 
[2025-04-07 13:32:12.353] [info] Core [0] : issued tile 2 
[2025-04-07 13:32:12.353] [info] Core [0] : Memory unit idle cycle 7581 Systolic bubble cycle 0 Core idle cycle 0 
[2025-04-07 13:32:12.353] [info] Core [0] : Systolic Array Utilization(%) 93.95 (0.59% PE util), Vector Unit Utilization(%) 0.00, Total cycle: 8000
[2025-04-07 13:32:12.358] [info] HBM2-CH_0: BW utilization 1% (212 reads, 0 writes)
[2025-04-07 13:32:12.371] [info] Core [0] : MatMul active cycle 94 Vector active cycle 0 
[2025-04-07 13:32:12.371] [info] Core [0] : issued tile 2 
[2025-04-07 13:32:12.371] [info] Core [0] : Memory unit idle cycle 8000 Systolic bubble cycle 0 Core idle cycle 0 
[2025-04-07 13:32:12.371] [info] Core [0] : Systolic Array Utilization(%) 100.00 (1.17% PE util), Vector Unit Utilization(%) 0.00, Total cycle: 16000
[2025-04-07 13:32:12.380] [info] HBM2-CH_0: BW utilization 0% (0 reads, 0 writes)
[2025-04-07 13:32:12.389] [info] Core [0] : MatMul active cycle 94 Vector active cycle 0 
[2025-04-07 13:32:12.389] [info] Core [0] : issued tile 2 
[2025-04-07 13:32:12.389] [info] Core [0] : Memory unit idle cycle 8000 Systolic bubble cycle 0 Core idle cycle 0 
[2025-04-07 13:32:12.389] [info] Core [0] : Systolic Array Utilization(%) 100.00 (1.17% PE util), Vector Unit Utilization(%) 0.00, Total cycle: 24000
[2025-04-07 13:32:12.404] [info] HBM2-CH_0: BW utilization 0% (0 reads, 0 writes)
[2025-04-07 13:32:12.409] [info] Core [0] : MatMul active cycle 94 Vector active cycle 0 
[2025-04-07 13:32:12.409] [info] Core [0] : issued tile 2 
[2025-04-07 13:32:12.409] [info] Core [0] : Memory unit idle cycle 8000 Systolic bubble cycle 0 Core idle cycle 0 
[2025-04-07 13:32:12.409] [info] Core [0] : Systolic Array Utilization(%) 100.00 (1.17% PE util), Vector Unit Utilization(%) 0.00, Total cycle: 32000
[2025-04-07 13:32:12.428] [info] HBM2-CH_0: BW utilization 0% (0 reads, 0 writes)
[2025-04-07 13:32:12.428] [info] Core [0] : MatMul active cycle 94 Vector active cycle 0 
[2025-04-07 13:32:12.428] [info] Core [0] : issued tile 2 
[2025-04-07 13:32:12.428] [info] Core [0] : Memory unit idle cycle 8000 Systolic bubble cycle 0 Core idle cycle 0 
[2025-04-07 13:32:12.428] [info] Core [0] : Systolic Array Utilization(%) 100.00 (1.17% PE util), Vector Unit Utilization(%) 0.00, Total cycle: 40000
[2025-04-07 13:32:12.447] [info] Core [0] : MatMul active cycle 94 Vector active cycle 0 
[2025-04-07 13:32:12.447] [info] Core [0] : issued tile 2 
[2025-04-07 13:32:12.447] [info] Core [0] : Memory unit idle cycle 8000 Systolic bubble cycle 0 Core idle cycle 0 
[2025-04-07 13:32:12.447] [info] Core [0] : Systolic Array Utilization(%) 100.00 (1.17% PE util), Vector Unit Utilization(%) 0.00, Total cycle: 48000
[2025-04-07 13:32:12.451] [info] HBM2-CH_0: BW utilization 0% (0 reads, 0 writes)
[2025-04-07 13:32:12.465] [info] Core [0] : MatMul active cycle 94 Vector active cycle 0 
[2025-04-07 13:32:12.465] [info] Core [0] : issued tile 2 
[2025-04-07 13:32:12.465] [info] Core [0] : Memory unit idle cycle 8000 Systolic bubble cycle 0 Core idle cycle 0 
[2025-04-07 13:32:12.465] [info] Core [0] : Systolic Array Utilization(%) 100.00 (1.17% PE util), Vector Unit Utilization(%) 0.00, Total cycle: 56000
[2025-04-07 13:32:12.474] [info] HBM2-CH_0: BW utilization 0% (0 reads, 0 writes)
[2025-04-07 13:32:12.483] [info] Core [0] : MatMul active cycle 94 Vector active cycle 0 
[2025-04-07 13:32:12.483] [info] Core [0] : issued tile 2 
[2025-04-07 13:32:12.483] [info] Core [0] : Memory unit idle cycle 8000 Systolic bubble cycle 0 Core idle cycle 0 
[2025-04-07 13:32:12.483] [info] Core [0] : Systolic Array Utilization(%) 100.00 (1.17% PE util), Vector Unit Utilization(%) 0.00, Total cycle: 64000
[2025-04-07 13:32:12.496] [info] HBM2-CH_0: BW utilization 0% (0 reads, 0 writes)
[2025-04-07 13:32:12.501] [info] Core [0] : MatMul active cycle 94 Vector active cycle 0 
[2025-04-07 13:32:12.501] [info] Core [0] : issued tile 2 
[2025-04-07 13:32:12.501] [info] Core [0] : Memory unit idle cycle 8000 Systolic bubble cycle 0 Core idle cycle 0 
[2025-04-07 13:32:12.501] [info] Core [0] : Systolic Array Utilization(%) 100.00 (1.17% PE util), Vector Unit Utilization(%) 0.00, Total cycle: 72000
[2025-04-07 13:32:12.519] [info] HBM2-CH_0: BW utilization 0% (0 reads, 0 writes)
[2025-04-07 13:32:12.519] [info] Core [0] : MatMul active cycle 94 Vector active cycle 0 
[2025-04-07 13:32:12.519] [info] Core [0] : issued tile 2 
[2025-04-07 13:32:12.519] [info] Core [0] : Memory unit idle cycle 8000 Systolic bubble cycle 0 Core idle cycle 0 
[2025-04-07 13:32:12.519] [info] Core [0] : Systolic Array Utilization(%) 100.00 (1.17% PE util), Vector Unit Utilization(%) 0.00, Total cycle: 80000
[2025-04-07 13:32:12.537] [info] Core [0] : MatMul active cycle 94 Vector active cycle 0 
[2025-04-07 13:32:12.537] [info] Core [0] : issued tile 2 
[2025-04-07 13:32:12.537] [info] Core [0] : Memory unit idle cycle 8000 Systolic bubble cycle 0 Core idle cycle 0 
[2025-04-07 13:32:12.537] [info] Core [0] : Systolic Array Utilization(%) 100.00 (1.17% PE util), Vector Unit Utilization(%) 0.00, Total cycle: 88000
[2025-04-07 13:32:12.542] [info] HBM2-CH_0: BW utilization 0% (0 reads, 0 writes)
[2025-04-07 13:32:12.556] [info] Core [0] : MatMul active cycle 94 Vector active cycle 0 
[2025-04-07 13:32:12.556] [info] Core [0] : issued tile 2 
[2025-04-07 13:32:12.556] [info] Core [0] : Memory unit idle cycle 8000 Systolic bubble cycle 0 Core idle cycle 0 
[2025-04-07 13:32:12.556] [info] Core [0] : Systolic Array Utilization(%) 100.00 (1.17% PE util), Vector Unit Utilization(%) 0.00, Total cycle: 96000
[2025-04-07 13:32:12.565] [info] HBM2-CH_0: BW utilization 0% (0 reads, 0 writes)
[2025-04-07 13:32:12.575] [info] Core [0] : MatMul active cycle 94 Vector active cycle 0 
[2025-04-07 13:32:12.575] [info] Core [0] : issued tile 2 
[2025-04-07 13:32:12.575] [info] Core [0] : Memory unit idle cycle 8000 Systolic bubble cycle 0 Core idle cycle 0 
[2025-04-07 13:32:12.575] [info] Core [0] : Systolic Array Utilization(%) 100.00 (1.17% PE util), Vector Unit Utilization(%) 0.00, Total cycle: 104000
[2025-04-07 13:32:12.588] [info] HBM2-CH_0: BW utilization 0% (0 reads, 0 writes)
[2025-04-07 13:32:12.593] [info] Core [0] : MatMul active cycle 94 Vector active cycle 0 
[2025-04-07 13:32:12.593] [info] Core [0] : issued tile 2 
[2025-04-07 13:32:12.593] [info] Core [0] : Memory unit idle cycle 8000 Systolic bubble cycle 0 Core idle cycle 0 
[2025-04-07 13:32:12.593] [info] Core [0] : Systolic Array Utilization(%) 100.00 (1.17% PE util), Vector Unit Utilization(%) 0.00, Total cycle: 112000
[2025-04-07 13:32:12.610] [info] HBM2-CH_0: BW utilization 0% (0 reads, 0 writes)
[2025-04-07 13:32:12.611] [info] Core [0] : MatMul active cycle 94 Vector active cycle 0 
[2025-04-07 13:32:12.611] [info] Core [0] : issued tile 2 
[2025-04-07 13:32:12.611] [info] Core [0] : Memory unit idle cycle 8000 Systolic bubble cycle 0 Core idle cycle 0 
[2025-04-07 13:32:12.611] [info] Core [0] : Systolic Array Utilization(%) 100.00 (1.17% PE util), Vector Unit Utilization(%) 0.00, Total cycle: 120000
[2025-04-07 13:32:12.628] [info] Core [0] : MatMul active cycle 94 Vector active cycle 0 
[2025-04-07 13:32:12.628] [info] Core [0] : issued tile 2 
[2025-04-07 13:32:12.628] [info] Core [0] : Memory unit idle cycle 8000 Systolic bubble cycle 0 Core idle cycle 0 
[2025-04-07 13:32:12.628] [info] Core [0] : Systolic Array Utilization(%) 100.00 (1.17% PE util), Vector Unit Utilization(%) 0.00, Total cycle: 128000
[2025-04-07 13:32:12.633] [info] HBM2-CH_0: BW utilization 0% (0 reads, 0 writes)
[2025-04-07 13:32:12.646] [info] Core [0] : MatMul active cycle 94 Vector active cycle 0 
[2025-04-07 13:32:12.646] [info] Core [0] : issued tile 2 
[2025-04-07 13:32:12.646] [info] Core [0] : Memory unit idle cycle 8000 Systolic bubble cycle 0 Core idle cycle 0 
[2025-04-07 13:32:12.646] [info] Core [0] : Systolic Array Utilization(%) 100.00 (1.17% PE util), Vector Unit Utilization(%) 0.00, Total cycle: 136000
[2025-04-07 13:32:12.655] [info] HBM2-CH_0: BW utilization 0% (0 reads, 0 writes)
[2025-04-07 13:32:12.665] [info] Core [0] : MatMul active cycle 94 Vector active cycle 0 
[2025-04-07 13:32:12.665] [info] Core [0] : issued tile 2 
[2025-04-07 13:32:12.665] [info] Core [0] : Memory unit idle cycle 8000 Systolic bubble cycle 0 Core idle cycle 0 
[2025-04-07 13:32:12.665] [info] Core [0] : Systolic Array Utilization(%) 100.00 (1.17% PE util), Vector Unit Utilization(%) 0.00, Total cycle: 144000
[2025-04-07 13:32:12.679] [info] HBM2-CH_0: BW utilization 0% (0 reads, 0 writes)
[2025-04-07 13:32:12.684] [info] Core [0] : MatMul active cycle 94 Vector active cycle 0 
[2025-04-07 13:32:12.684] [info] Core [0] : issued tile 2 
[2025-04-07 13:32:12.684] [info] Core [0] : Memory unit idle cycle 8000 Systolic bubble cycle 0 Core idle cycle 0 
[2025-04-07 13:32:12.684] [info] Core [0] : Systolic Array Utilization(%) 100.00 (1.17% PE util), Vector Unit Utilization(%) 0.00, Total cycle: 152000
[2025-04-07 13:32:12.701] [info] HBM2-CH_0: BW utilization 0% (0 reads, 0 writes)
[2025-04-07 13:32:12.702] [info] Core [0] : MatMul active cycle 94 Vector active cycle 0 
[2025-04-07 13:32:12.702] [info] Core [0] : issued tile 2 
[2025-04-07 13:32:12.702] [info] Core [0] : Memory unit idle cycle 8000 Systolic bubble cycle 0 Core idle cycle 0 
[2025-04-07 13:32:12.702] [info] Core [0] : Systolic Array Utilization(%) 100.00 (1.17% PE util), Vector Unit Utilization(%) 0.00, Total cycle: 160000
[2025-04-07 13:32:12.719] [info] Core [0] : MatMul active cycle 94 Vector active cycle 0 
[2025-04-07 13:32:12.720] [info] Core [0] : issued tile 2 
[2025-04-07 13:32:12.720] [info] Core [0] : Memory unit idle cycle 8000 Systolic bubble cycle 0 Core idle cycle 0 
[2025-04-07 13:32:12.720] [info] Core [0] : Systolic Array Utilization(%) 100.00 (1.17% PE util), Vector Unit Utilization(%) 0.00, Total cycle: 168000
[2025-04-07 13:32:12.724] [info] HBM2-CH_0: BW utilization 0% (0 reads, 0 writes)
[2025-04-07 13:32:12.737] [info] Core [0] : MatMul active cycle 94 Vector active cycle 0 
[2025-04-07 13:32:12.737] [info] Core [0] : issued tile 2 
[2025-04-07 13:32:12.737] [info] Core [0] : Memory unit idle cycle 8000 Systolic bubble cycle 0 Core idle cycle 0 
[2025-04-07 13:32:12.737] [info] Core [0] : Systolic Array Utilization(%) 100.00 (1.17% PE util), Vector Unit Utilization(%) 0.00, Total cycle: 176000
[2025-04-07 13:32:12.747] [info] HBM2-CH_0: BW utilization 0% (0 reads, 0 writes)
[2025-04-07 13:32:12.756] [info] Core [0] : MatMul active cycle 94 Vector active cycle 0 
[2025-04-07 13:32:12.756] [info] Core [0] : issued tile 2 
[2025-04-07 13:32:12.756] [info] Core [0] : Memory unit idle cycle 8000 Systolic bubble cycle 0 Core idle cycle 0 
[2025-04-07 13:32:12.756] [info] Core [0] : Systolic Array Utilization(%) 100.00 (1.17% PE util), Vector Unit Utilization(%) 0.00, Total cycle: 184000
[2025-04-07 13:32:12.769] [info] HBM2-CH_0: BW utilization 0% (0 reads, 0 writes)
[2025-04-07 13:32:12.774] [info] Core [0] : MatMul active cycle 94 Vector active cycle 0 
[2025-04-07 13:32:12.774] [info] Core [0] : issued tile 2 
[2025-04-07 13:32:12.774] [info] Core [0] : Memory unit idle cycle 8000 Systolic bubble cycle 0 Core idle cycle 0 
[2025-04-07 13:32:12.774] [info] Core [0] : Systolic Array Utilization(%) 100.00 (1.17% PE util), Vector Unit Utilization(%) 0.00, Total cycle: 192000
[2025-04-07 13:32:12.808] [info] HBM2-CH_0: BW utilization 6% (0 reads, 799 writes)
[2025-04-07 13:32:12.809] [info] Core [0] : MatMul active cycle 94 Vector active cycle 0 
[2025-04-07 13:32:12.809] [info] Core [0] : issued tile 2 
[2025-04-07 13:32:12.809] [info] Core [0] : Memory unit idle cycle 6307 Systolic bubble cycle 0 Core idle cycle 0 
[2025-04-07 13:32:12.809] [info] Core [0] : Systolic Array Utilization(%) 100.00 (1.17% PE util), Vector Unit Utilization(%) 0.00, Total cycle: 200000
[2025-04-07 13:32:12.834] [info] Core [0] : MatMul active cycle 94 Vector active cycle 0 
[2025-04-07 13:32:12.834] [info] Core [0] : issued tile 2 
[2025-04-07 13:32:12.834] [info] Core [0] : Memory unit idle cycle 7446 Systolic bubble cycle 0 Core idle cycle 0 
[2025-04-07 13:32:12.834] [info] Core [0] : Systolic Array Utilization(%) 100.00 (1.17% PE util), Vector Unit Utilization(%) 0.00, Total cycle: 208000
[2025-04-07 13:32:12.838] [info] HBM2-CH_0: BW utilization 2% (111 reads, 209 writes)
[2025-04-07 13:32:12.852] [info] Core [0] : MatMul active cycle 94 Vector active cycle 0 
[2025-04-07 13:32:12.852] [info] Core [0] : issued tile 2 
[2025-04-07 13:32:12.852] [info] Core [0] : Memory unit idle cycle 8000 Systolic bubble cycle 0 Core idle cycle 0 
[2025-04-07 13:32:12.852] [info] Core [0] : Systolic Array Utilization(%) 100.00 (1.17% PE util), Vector Unit Utilization(%) 0.00, Total cycle: 216000
[2025-04-07 13:32:12.861] [info] HBM2-CH_0: BW utilization 0% (0 reads, 0 writes)
[2025-04-07 13:32:12.870] [info] Core [0] : MatMul active cycle 94 Vector active cycle 0 
[2025-04-07 13:32:12.870] [info] Core [0] : issued tile 2 
[2025-04-07 13:32:12.870] [info] Core [0] : Memory unit idle cycle 8000 Systolic bubble cycle 0 Core idle cycle 0 
[2025-04-07 13:32:12.870] [info] Core [0] : Systolic Array Utilization(%) 100.00 (1.17% PE util), Vector Unit Utilization(%) 0.00, Total cycle: 224000
[2025-04-07 13:32:12.883] [info] HBM2-CH_0: BW utilization 0% (0 reads, 0 writes)
[2025-04-07 13:32:12.888] [info] Core [0] : MatMul active cycle 94 Vector active cycle 0 
[2025-04-07 13:32:12.888] [info] Core [0] : issued tile 2 
[2025-04-07 13:32:12.888] [info] Core [0] : Memory unit idle cycle 8000 Systolic bubble cycle 0 Core idle cycle 0 
[2025-04-07 13:32:12.888] [info] Core [0] : Systolic Array Utilization(%) 100.00 (1.17% PE util), Vector Unit Utilization(%) 0.00, Total cycle: 232000
[2025-04-07 13:32:12.906] [info] HBM2-CH_0: BW utilization 0% (0 reads, 0 writes)
[2025-04-07 13:32:12.906] [info] Core [0] : MatMul active cycle 94 Vector active cycle 0 
[2025-04-07 13:32:12.906] [info] Core [0] : issued tile 2 
[2025-04-07 13:32:12.906] [info] Core [0] : Memory unit idle cycle 8000 Systolic bubble cycle 0 Core idle cycle 0 
[2025-04-07 13:32:12.906] [info] Core [0] : Systolic Array Utilization(%) 100.00 (1.17% PE util), Vector Unit Utilization(%) 0.00, Total cycle: 240000
[2025-04-07 13:32:12.924] [info] Core [0] : MatMul active cycle 94 Vector active cycle 0 
[2025-04-07 13:32:12.924] [info] Core [0] : issued tile 2 
[2025-04-07 13:32:12.924] [info] Core [0] : Memory unit idle cycle 8000 Systolic bubble cycle 0 Core idle cycle 0 
[2025-04-07 13:32:12.924] [info] Core [0] : Systolic Array Utilization(%) 100.00 (1.17% PE util), Vector Unit Utilization(%) 0.00, Total cycle: 248000
[2025-04-07 13:32:12.930] [info] HBM2-CH_0: BW utilization 0% (0 reads, 0 writes)
[2025-04-07 13:32:12.946] [info] Core [0] : MatMul active cycle 94 Vector active cycle 0 
[2025-04-07 13:32:12.946] [info] Core [0] : issued tile 2 
[2025-04-07 13:32:12.946] [info] Core [0] : Memory unit idle cycle 8000 Systolic bubble cycle 0 Core idle cycle 0 
[2025-04-07 13:32:12.946] [info] Core [0] : Systolic Array Utilization(%) 100.00 (1.17% PE util), Vector Unit Utilization(%) 0.00, Total cycle: 256000
[2025-04-07 13:32:12.955] [info] HBM2-CH_0: BW utilization 0% (0 reads, 0 writes)
[2025-04-07 13:32:12.964] [info] Core [0] : MatMul active cycle 94 Vector active cycle 0 
[2025-04-07 13:32:12.964] [info] Core [0] : issued tile 2 
[2025-04-07 13:32:12.964] [info] Core [0] : Memory unit idle cycle 8000 Systolic bubble cycle 0 Core idle cycle 0 
[2025-04-07 13:32:12.964] [info] Core [0] : Systolic Array Utilization(%) 100.00 (1.17% PE util), Vector Unit Utilization(%) 0.00, Total cycle: 264000
[2025-04-07 13:32:12.978] [info] HBM2-CH_0: BW utilization 0% (0 reads, 0 writes)
[2025-04-07 13:32:12.983] [info] Core [0] : MatMul active cycle 94 Vector active cycle 0 
[2025-04-07 13:32:12.983] [info] Core [0] : issued tile 2 
[2025-04-07 13:32:12.983] [info] Core [0] : Memory unit idle cycle 8000 Systolic bubble cycle 0 Core idle cycle 0 
[2025-04-07 13:32:12.983] [info] Core [0] : Systolic Array Utilization(%) 100.00 (1.17% PE util), Vector Unit Utilization(%) 0.00, Total cycle: 272000
[2025-04-07 13:32:13.001] [info] HBM2-CH_0: BW utilization 0% (0 reads, 0 writes)
[2025-04-07 13:32:13.001] [info] Core [0] : MatMul active cycle 94 Vector active cycle 0 
[2025-04-07 13:32:13.001] [info] Core [0] : issued tile 2 
[2025-04-07 13:32:13.001] [info] Core [0] : Memory unit idle cycle 8000 Systolic bubble cycle 0 Core idle cycle 0 
[2025-04-07 13:32:13.001] [info] Core [0] : Systolic Array Utilization(%) 100.00 (1.17% PE util), Vector Unit Utilization(%) 0.00, Total cycle: 280000
[2025-04-07 13:32:13.020] [info] Core [0] : MatMul active cycle 94 Vector active cycle 0 
[2025-04-07 13:32:13.020] [info] Core [0] : issued tile 2 
[2025-04-07 13:32:13.020] [info] Core [0] : Memory unit idle cycle 8000 Systolic bubble cycle 0 Core idle cycle 0 
[2025-04-07 13:32:13.020] [info] Core [0] : Systolic Array Utilization(%) 100.00 (1.17% PE util), Vector Unit Utilization(%) 0.00, Total cycle: 288000
[2025-04-07 13:32:13.024] [info] HBM2-CH_0: BW utilization 0% (0 reads, 0 writes)
[2025-04-07 13:32:13.038] [info] Core [0] : MatMul active cycle 94 Vector active cycle 0 
[2025-04-07 13:32:13.038] [info] Core [0] : issued tile 2 
[2025-04-07 13:32:13.038] [info] Core [0] : Memory unit idle cycle 8000 Systolic bubble cycle 0 Core idle cycle 0 
[2025-04-07 13:32:13.038] [info] Core [0] : Systolic Array Utilization(%) 100.00 (1.17% PE util), Vector Unit Utilization(%) 0.00, Total cycle: 296000
[2025-04-07 13:32:13.047] [info] HBM2-CH_0: BW utilization 0% (0 reads, 0 writes)
[2025-04-07 13:32:13.056] [info] Core [0] : MatMul active cycle 94 Vector active cycle 0 
[2025-04-07 13:32:13.056] [info] Core [0] : issued tile 2 
[2025-04-07 13:32:13.056] [info] Core [0] : Memory unit idle cycle 8000 Systolic bubble cycle 0 Core idle cycle 0 
[2025-04-07 13:32:13.056] [info] Core [0] : Systolic Array Utilization(%) 100.00 (1.17% PE util), Vector Unit Utilization(%) 0.00, Total cycle: 304000
[2025-04-07 13:32:13.070] [info] HBM2-CH_0: BW utilization 0% (0 reads, 0 writes)
[2025-04-07 13:32:13.075] [info] Core [0] : MatMul active cycle 94 Vector active cycle 0 
[2025-04-07 13:32:13.075] [info] Core [0] : issued tile 2 
[2025-04-07 13:32:13.075] [info] Core [0] : Memory unit idle cycle 8000 Systolic bubble cycle 0 Core idle cycle 0 
[2025-04-07 13:32:13.075] [info] Core [0] : Systolic Array Utilization(%) 100.00 (1.17% PE util), Vector Unit Utilization(%) 0.00, Total cycle: 312000
[2025-04-07 13:32:13.093] [info] HBM2-CH_0: BW utilization 0% (0 reads, 0 writes)
[2025-04-07 13:32:13.093] [info] Core [0] : MatMul active cycle 94 Vector active cycle 0 
[2025-04-07 13:32:13.093] [info] Core [0] : issued tile 2 
[2025-04-07 13:32:13.093] [info] Core [0] : Memory unit idle cycle 8000 Systolic bubble cycle 0 Core idle cycle 0 
[2025-04-07 13:32:13.093] [info] Core [0] : Systolic Array Utilization(%) 100.00 (1.17% PE util), Vector Unit Utilization(%) 0.00, Total cycle: 320000
[2025-04-07 13:32:13.111] [info] Core [0] : MatMul active cycle 94 Vector active cycle 0 
[2025-04-07 13:32:13.112] [info] Core [0] : issued tile 2 
[2025-04-07 13:32:13.112] [info] Core [0] : Memory unit idle cycle 8000 Systolic bubble cycle 0 Core idle cycle 0 
[2025-04-07 13:32:13.112] [info] Core [0] : Systolic Array Utilization(%) 100.00 (1.17% PE util), Vector Unit Utilization(%) 0.00, Total cycle: 328000
[2025-04-07 13:32:13.116] [info] HBM2-CH_0: BW utilization 0% (0 reads, 0 writes)
[2025-04-07 13:32:13.130] [info] Core [0] : MatMul active cycle 94 Vector active cycle 0 
[2025-04-07 13:32:13.130] [info] Core [0] : issued tile 2 
[2025-04-07 13:32:13.130] [info] Core [0] : Memory unit idle cycle 8000 Systolic bubble cycle 0 Core idle cycle 0 
[2025-04-07 13:32:13.130] [info] Core [0] : Systolic Array Utilization(%) 100.00 (1.17% PE util), Vector Unit Utilization(%) 0.00, Total cycle: 336000
[2025-04-07 13:32:13.138] [info] HBM2-CH_0: BW utilization 0% (0 reads, 0 writes)
[2025-04-07 13:32:13.148] [info] Core [0] : MatMul active cycle 94 Vector active cycle 0 
[2025-04-07 13:32:13.148] [info] Core [0] : issued tile 2 
[2025-04-07 13:32:13.148] [info] Core [0] : Memory unit idle cycle 8000 Systolic bubble cycle 0 Core idle cycle 0 
[2025-04-07 13:32:13.148] [info] Core [0] : Systolic Array Utilization(%) 100.00 (1.17% PE util), Vector Unit Utilization(%) 0.00, Total cycle: 344000
[2025-04-07 13:32:13.161] [info] HBM2-CH_0: BW utilization 0% (0 reads, 0 writes)
[2025-04-07 13:32:13.166] [info] Core [0] : MatMul active cycle 94 Vector active cycle 0 
[2025-04-07 13:32:13.166] [info] Core [0] : issued tile 2 
[2025-04-07 13:32:13.166] [info] Core [0] : Memory unit idle cycle 8000 Systolic bubble cycle 0 Core idle cycle 0 
[2025-04-07 13:32:13.166] [info] Core [0] : Systolic Array Utilization(%) 100.00 (1.17% PE util), Vector Unit Utilization(%) 0.00, Total cycle: 352000
[2025-04-07 13:32:13.184] [info] HBM2-CH_0: BW utilization 0% (0 reads, 0 writes)
[2025-04-07 13:32:13.184] [info] Core [0] : MatMul active cycle 94 Vector active cycle 0 
[2025-04-07 13:32:13.184] [info] Core [0] : issued tile 2 
[2025-04-07 13:32:13.184] [info] Core [0] : Memory unit idle cycle 8000 Systolic bubble cycle 0 Core idle cycle 0 
[2025-04-07 13:32:13.184] [info] Core [0] : Systolic Array Utilization(%) 100.00 (1.17% PE util), Vector Unit Utilization(%) 0.00, Total cycle: 360000
[2025-04-07 13:32:13.203] [info] Core [0] : MatMul active cycle 94 Vector active cycle 0 
[2025-04-07 13:32:13.203] [info] Core [0] : issued tile 2 
[2025-04-07 13:32:13.203] [info] Core [0] : Memory unit idle cycle 8000 Systolic bubble cycle 0 Core idle cycle 0 
[2025-04-07 13:32:13.203] [info] Core [0] : Systolic Array Utilization(%) 100.00 (1.17% PE util), Vector Unit Utilization(%) 0.00, Total cycle: 368000
[2025-04-07 13:32:13.207] [info] HBM2-CH_0: BW utilization 0% (0 reads, 0 writes)
[2025-04-07 13:32:13.221] [info] Core [0] : MatMul active cycle 94 Vector active cycle 0 
[2025-04-07 13:32:13.221] [info] Core [0] : issued tile 2 
[2025-04-07 13:32:13.221] [info] Core [0] : Memory unit idle cycle 8000 Systolic bubble cycle 0 Core idle cycle 0 
[2025-04-07 13:32:13.221] [info] Core [0] : Systolic Array Utilization(%) 100.00 (1.17% PE util), Vector Unit Utilization(%) 0.00, Total cycle: 376000
[2025-04-07 13:32:13.230] [info] HBM2-CH_0: BW utilization 0% (0 reads, 0 writes)
[2025-04-07 13:32:13.239] [info] Core [0] : MatMul active cycle 94 Vector active cycle 0 
[2025-04-07 13:32:13.239] [info] Core [0] : issued tile 2 
[2025-04-07 13:32:13.239] [info] Core [0] : Memory unit idle cycle 8000 Systolic bubble cycle 0 Core idle cycle 0 
[2025-04-07 13:32:13.239] [info] Core [0] : Systolic Array Utilization(%) 100.00 (1.17% PE util), Vector Unit Utilization(%) 0.00, Total cycle: 384000
[2025-04-07 13:32:13.253] [info] HBM2-CH_0: BW utilization 0% (0 reads, 0 writes)
[2025-04-07 13:32:13.257] [info] Core [0] : MatMul active cycle 94 Vector active cycle 0 
[2025-04-07 13:32:13.258] [info] Core [0] : issued tile 2 
[2025-04-07 13:32:13.258] [info] Core [0] : Memory unit idle cycle 8000 Systolic bubble cycle 0 Core idle cycle 0 
[2025-04-07 13:32:13.258] [info] Core [0] : Systolic Array Utilization(%) 100.00 (1.17% PE util), Vector Unit Utilization(%) 0.00, Total cycle: 392000
[2025-04-07 13:32:13.300] [info] HBM2-CH_0: BW utilization 9% (112 reads, 1008 writes)
[2025-04-07 13:32:13.300] [info] Core [0] : MatMul active cycle 94 Vector active cycle 0 
[2025-04-07 13:32:13.300] [info] Core [0] : issued tile 2 
[2025-04-07 13:32:13.300] [info] Core [0] : Memory unit idle cycle 5753 Systolic bubble cycle 0 Core idle cycle 0 
[2025-04-07 13:32:13.300] [info] Core [0] : Systolic Array Utilization(%) 100.00 (1.17% PE util), Vector Unit Utilization(%) 0.00, Total cycle: 400000
[2025-04-07 13:32:13.319] [info] Core [0] : MatMul active cycle 94 Vector active cycle 0 
[2025-04-07 13:32:13.320] [info] Core [0] : issued tile 2 
[2025-04-07 13:32:13.320] [info] Core [0] : Memory unit idle cycle 8000 Systolic bubble cycle 0 Core idle cycle 0 
[2025-04-07 13:32:13.320] [info] Core [0] : Systolic Array Utilization(%) 100.00 (1.17% PE util), Vector Unit Utilization(%) 0.00, Total cycle: 408000
[2025-04-07 13:32:13.325] [info] HBM2-CH_0: BW utilization 0% (0 reads, 0 writes)
[2025-04-07 13:32:13.339] [info] Core [0] : MatMul active cycle 47 Vector active cycle 0 
[2025-04-07 13:32:13.339] [info] Core [0] : issued tile 2 
[2025-04-07 13:32:13.339] [info] Core [0] : Memory unit idle cycle 8000 Systolic bubble cycle 0 Core idle cycle 0 
[2025-04-07 13:32:13.339] [info] Core [0] : Systolic Array Utilization(%) 100.00 (0.59% PE util), Vector Unit Utilization(%) 0.00, Total cycle: 416000
[2025-04-07 13:32:13.348] [info] HBM2-CH_0: BW utilization 0% (0 reads, 0 writes)
[2025-04-07 13:32:13.357] [info] Core [0] : MatMul active cycle 94 Vector active cycle 0 
[2025-04-07 13:32:13.357] [info] Core [0] : issued tile 2 
[2025-04-07 13:32:13.357] [info] Core [0] : Memory unit idle cycle 8000 Systolic bubble cycle 0 Core idle cycle 0 
[2025-04-07 13:32:13.357] [info] Core [0] : Systolic Array Utilization(%) 100.00 (1.17% PE util), Vector Unit Utilization(%) 0.00, Total cycle: 424000
[2025-04-07 13:32:13.371] [info] HBM2-CH_0: BW utilization 0% (0 reads, 0 writes)
[2025-04-07 13:32:13.377] [info] Core [0] : MatMul active cycle 94 Vector active cycle 0 
[2025-04-07 13:32:13.377] [info] Core [0] : issued tile 2 
[2025-04-07 13:32:13.377] [info] Core [0] : Memory unit idle cycle 8000 Systolic bubble cycle 0 Core idle cycle 0 
[2025-04-07 13:32:13.377] [info] Core [0] : Systolic Array Utilization(%) 100.00 (1.17% PE util), Vector Unit Utilization(%) 0.00, Total cycle: 432000
[2025-04-07 13:32:13.394] [info] HBM2-CH_0: BW utilization 0% (0 reads, 0 writes)
[2025-04-07 13:32:13.395] [info] Core [0] : MatMul active cycle 94 Vector active cycle 0 
[2025-04-07 13:32:13.395] [info] Core [0] : issued tile 2 
[2025-04-07 13:32:13.395] [info] Core [0] : Memory unit idle cycle 8000 Systolic bubble cycle 0 Core idle cycle 0 
[2025-04-07 13:32:13.395] [info] Core [0] : Systolic Array Utilization(%) 100.00 (1.17% PE util), Vector Unit Utilization(%) 0.00, Total cycle: 440000
[2025-04-07 13:32:13.413] [info] Core [0] : MatMul active cycle 94 Vector active cycle 0 
[2025-04-07 13:32:13.413] [info] Core [0] : issued tile 2 
[2025-04-07 13:32:13.413] [info] Core [0] : Memory unit idle cycle 8000 Systolic bubble cycle 0 Core idle cycle 0 
[2025-04-07 13:32:13.413] [info] Core [0] : Systolic Array Utilization(%) 100.00 (1.17% PE util), Vector Unit Utilization(%) 0.00, Total cycle: 448000
[2025-04-07 13:32:13.418] [info] HBM2-CH_0: BW utilization 0% (0 reads, 0 writes)
[2025-04-07 13:32:13.432] [info] Core [0] : MatMul active cycle 94 Vector active cycle 0 
[2025-04-07 13:32:13.432] [info] Core [0] : issued tile 2 
[2025-04-07 13:32:13.432] [info] Core [0] : Memory unit idle cycle 8000 Systolic bubble cycle 0 Core idle cycle 0 
[2025-04-07 13:32:13.432] [info] Core [0] : Systolic Array Utilization(%) 100.00 (1.17% PE util), Vector Unit Utilization(%) 0.00, Total cycle: 456000
[2025-04-07 13:32:13.441] [info] HBM2-CH_0: BW utilization 0% (0 reads, 0 writes)
[2025-04-07 13:32:13.451] [info] Core [0] : MatMul active cycle 94 Vector active cycle 0 
[2025-04-07 13:32:13.451] [info] Core [0] : issued tile 2 
[2025-04-07 13:32:13.451] [info] Core [0] : Memory unit idle cycle 8000 Systolic bubble cycle 0 Core idle cycle 0 
[2025-04-07 13:32:13.451] [info] Core [0] : Systolic Array Utilization(%) 100.00 (1.17% PE util), Vector Unit Utilization(%) 0.00, Total cycle: 464000
[2025-04-07 13:32:13.465] [info] HBM2-CH_0: BW utilization 0% (0 reads, 0 writes)
[2025-04-07 13:32:13.471] [info] Core [0] : MatMul active cycle 94 Vector active cycle 0 
[2025-04-07 13:32:13.471] [info] Core [0] : issued tile 2 
[2025-04-07 13:32:13.471] [info] Core [0] : Memory unit idle cycle 8000 Systolic bubble cycle 0 Core idle cycle 0 
[2025-04-07 13:32:13.471] [info] Core [0] : Systolic Array Utilization(%) 100.00 (1.17% PE util), Vector Unit Utilization(%) 0.00, Total cycle: 472000
[2025-04-07 13:32:13.489] [info] HBM2-CH_0: BW utilization 0% (0 reads, 0 writes)
[2025-04-07 13:32:13.489] [info] Core [0] : MatMul active cycle 94 Vector active cycle 0 
[2025-04-07 13:32:13.489] [info] Core [0] : issued tile 2 
[2025-04-07 13:32:13.489] [info] Core [0] : Memory unit idle cycle 8000 Systolic bubble cycle 0 Core idle cycle 0 
[2025-04-07 13:32:13.489] [info] Core [0] : Systolic Array Utilization(%) 100.00 (1.17% PE util), Vector Unit Utilization(%) 0.00, Total cycle: 480000
[2025-04-07 13:32:13.508] [info] Core [0] : MatMul active cycle 94 Vector active cycle 0 
[2025-04-07 13:32:13.508] [info] Core [0] : issued tile 2 
[2025-04-07 13:32:13.508] [info] Core [0] : Memory unit idle cycle 8000 Systolic bubble cycle 0 Core idle cycle 0 
[2025-04-07 13:32:13.508] [info] Core [0] : Systolic Array Utilization(%) 100.00 (1.17% PE util), Vector Unit Utilization(%) 0.00, Total cycle: 488000
[2025-04-07 13:32:13.512] [info] HBM2-CH_0: BW utilization 0% (0 reads, 0 writes)
[2025-04-07 13:32:13.527] [info] Core [0] : MatMul active cycle 94 Vector active cycle 0 
[2025-04-07 13:32:13.527] [info] Core [0] : issued tile 2 
[2025-04-07 13:32:13.527] [info] Core [0] : Memory unit idle cycle 8000 Systolic bubble cycle 0 Core idle cycle 0 
[2025-04-07 13:32:13.527] [info] Core [0] : Systolic Array Utilization(%) 100.00 (1.17% PE util), Vector Unit Utilization(%) 0.00, Total cycle: 496000
[2025-04-07 13:32:13.535] [info] HBM2-CH_0: BW utilization 0% (0 reads, 0 writes)
[2025-04-07 13:32:13.545] [info] Core [0] : MatMul active cycle 94 Vector active cycle 0 
[2025-04-07 13:32:13.545] [info] Core [0] : issued tile 2 
[2025-04-07 13:32:13.545] [info] Core [0] : Memory unit idle cycle 8000 Systolic bubble cycle 0 Core idle cycle 0 
[2025-04-07 13:32:13.545] [info] Core [0] : Systolic Array Utilization(%) 100.00 (1.17% PE util), Vector Unit Utilization(%) 0.00, Total cycle: 504000
[2025-04-07 13:32:13.558] [info] HBM2-CH_0: BW utilization 0% (0 reads, 0 writes)
[2025-04-07 13:32:13.564] [info] Core [0] : MatMul active cycle 94 Vector active cycle 0 
[2025-04-07 13:32:13.564] [info] Core [0] : issued tile 2 
[2025-04-07 13:32:13.564] [info] Core [0] : Memory unit idle cycle 8000 Systolic bubble cycle 0 Core idle cycle 0 
[2025-04-07 13:32:13.564] [info] Core [0] : Systolic Array Utilization(%) 100.00 (1.17% PE util), Vector Unit Utilization(%) 0.00, Total cycle: 512000
[2025-04-07 13:32:13.583] [info] HBM2-CH_0: BW utilization 0% (0 reads, 0 writes)
[2025-04-07 13:32:13.583] [info] Core [0] : MatMul active cycle 94 Vector active cycle 0 
[2025-04-07 13:32:13.584] [info] Core [0] : issued tile 2 
[2025-04-07 13:32:13.584] [info] Core [0] : Memory unit idle cycle 8000 Systolic bubble cycle 0 Core idle cycle 0 
[2025-04-07 13:32:13.584] [info] Core [0] : Systolic Array Utilization(%) 100.00 (1.17% PE util), Vector Unit Utilization(%) 0.00, Total cycle: 520000
[2025-04-07 13:32:13.602] [info] Core [0] : MatMul active cycle 94 Vector active cycle 0 
[2025-04-07 13:32:13.602] [info] Core [0] : issued tile 2 
[2025-04-07 13:32:13.602] [info] Core [0] : Memory unit idle cycle 8000 Systolic bubble cycle 0 Core idle cycle 0 
[2025-04-07 13:32:13.602] [info] Core [0] : Systolic Array Utilization(%) 100.00 (1.17% PE util), Vector Unit Utilization(%) 0.00, Total cycle: 528000
[2025-04-07 13:32:13.606] [info] HBM2-CH_0: BW utilization 0% (0 reads, 0 writes)
[2025-04-07 13:32:13.621] [info] Core [0] : MatMul active cycle 94 Vector active cycle 0 
[2025-04-07 13:32:13.621] [info] Core [0] : issued tile 2 
[2025-04-07 13:32:13.621] [info] Core [0] : Memory unit idle cycle 8000 Systolic bubble cycle 0 Core idle cycle 0 
[2025-04-07 13:32:13.621] [info] Core [0] : Systolic Array Utilization(%) 100.00 (1.17% PE util), Vector Unit Utilization(%) 0.00, Total cycle: 536000
[2025-04-07 13:32:13.629] [info] HBM2-CH_0: BW utilization 0% (0 reads, 0 writes)
[2025-04-07 13:32:13.639] [info] Core [0] : MatMul active cycle 94 Vector active cycle 0 
[2025-04-07 13:32:13.639] [info] Core [0] : issued tile 2 
[2025-04-07 13:32:13.639] [info] Core [0] : Memory unit idle cycle 8000 Systolic bubble cycle 0 Core idle cycle 0 
[2025-04-07 13:32:13.639] [info] Core [0] : Systolic Array Utilization(%) 100.00 (1.17% PE util), Vector Unit Utilization(%) 0.00, Total cycle: 544000
[2025-04-07 13:32:13.652] [info] HBM2-CH_0: BW utilization 0% (0 reads, 0 writes)
[2025-04-07 13:32:13.658] [info] Core [0] : MatMul active cycle 94 Vector active cycle 0 
[2025-04-07 13:32:13.658] [info] Core [0] : issued tile 2 
[2025-04-07 13:32:13.658] [info] Core [0] : Memory unit idle cycle 8000 Systolic bubble cycle 0 Core idle cycle 0 
[2025-04-07 13:32:13.658] [info] Core [0] : Systolic Array Utilization(%) 100.00 (1.17% PE util), Vector Unit Utilization(%) 0.00, Total cycle: 552000
[2025-04-07 13:32:13.676] [info] HBM2-CH_0: BW utilization 0% (0 reads, 0 writes)
[2025-04-07 13:32:13.676] [info] Core [0] : MatMul active cycle 94 Vector active cycle 0 
[2025-04-07 13:32:13.676] [info] Core [0] : issued tile 2 
[2025-04-07 13:32:13.676] [info] Core [0] : Memory unit idle cycle 8000 Systolic bubble cycle 0 Core idle cycle 0 
[2025-04-07 13:32:13.676] [info] Core [0] : Systolic Array Utilization(%) 100.00 (1.17% PE util), Vector Unit Utilization(%) 0.00, Total cycle: 560000
[2025-04-07 13:32:13.695] [info] Core [0] : MatMul active cycle 94 Vector active cycle 0 
[2025-04-07 13:32:13.695] [info] Core [0] : issued tile 2 
[2025-04-07 13:32:13.695] [info] Core [0] : Memory unit idle cycle 8000 Systolic bubble cycle 0 Core idle cycle 0 
[2025-04-07 13:32:13.695] [info] Core [0] : Systolic Array Utilization(%) 100.00 (1.17% PE util), Vector Unit Utilization(%) 0.00, Total cycle: 568000
[2025-04-07 13:32:13.699] [info] HBM2-CH_0: BW utilization 0% (0 reads, 0 writes)
[2025-04-07 13:32:13.714] [info] Core [0] : MatMul active cycle 94 Vector active cycle 0 
[2025-04-07 13:32:13.714] [info] Core [0] : issued tile 2 
[2025-04-07 13:32:13.714] [info] Core [0] : Memory unit idle cycle 8000 Systolic bubble cycle 0 Core idle cycle 0 
[2025-04-07 13:32:13.714] [info] Core [0] : Systolic Array Utilization(%) 100.00 (1.17% PE util), Vector Unit Utilization(%) 0.00, Total cycle: 576000
[2025-04-07 13:32:13.723] [info] HBM2-CH_0: BW utilization 0% (0 reads, 0 writes)
[2025-04-07 13:32:13.733] [info] Core [0] : MatMul active cycle 94 Vector active cycle 0 
[2025-04-07 13:32:13.733] [info] Core [0] : issued tile 2 
[2025-04-07 13:32:13.733] [info] Core [0] : Memory unit idle cycle 8000 Systolic bubble cycle 0 Core idle cycle 0 
[2025-04-07 13:32:13.733] [info] Core [0] : Systolic Array Utilization(%) 100.00 (1.17% PE util), Vector Unit Utilization(%) 0.00, Total cycle: 584000
[2025-04-07 13:32:13.748] [info] HBM2-CH_0: BW utilization 0% (0 reads, 0 writes)
[2025-04-07 13:32:13.753] [info] Core [0] : MatMul active cycle 94 Vector active cycle 0 
[2025-04-07 13:32:13.753] [info] Core [0] : issued tile 2 
[2025-04-07 13:32:13.753] [info] Core [0] : Memory unit idle cycle 8000 Systolic bubble cycle 0 Core idle cycle 0 
[2025-04-07 13:32:13.753] [info] Core [0] : Systolic Array Utilization(%) 100.00 (1.17% PE util), Vector Unit Utilization(%) 0.00, Total cycle: 592000
[2025-04-07 13:32:13.790] [info] HBM2-CH_0: BW utilization 8% (0 reads, 1008 writes)
[2025-04-07 13:32:13.791] [info] Core [0] : MatMul active cycle 117 Vector active cycle 0 
[2025-04-07 13:32:13.791] [info] Core [0] : issued tile 1 
[2025-04-07 13:32:13.791] [info] Core [0] : Memory unit idle cycle 5984 Systolic bubble cycle 0 Core idle cycle 0 
[2025-04-07 13:32:13.791] [info] Core [0] : Systolic Array Utilization(%) 100.00 (1.46% PE util), Vector Unit Utilization(%) 0.00, Total cycle: 600000
[2025-04-07 13:32:13.811] [info] Core [0] : MatMul active cycle 90 Vector active cycle 0 
[2025-04-07 13:32:13.811] [info] Core [0] : issued tile 1 
[2025-04-07 13:32:13.811] [info] Core [0] : Memory unit idle cycle 8000 Systolic bubble cycle 0 Core idle cycle 0 
[2025-04-07 13:32:13.811] [info] Core [0] : Systolic Array Utilization(%) 100.00 (1.12% PE util), Vector Unit Utilization(%) 0.00, Total cycle: 608000
[2025-04-07 13:32:13.815] [info] HBM2-CH_0: BW utilization 0% (0 reads, 0 writes)
[2025-04-07 13:32:13.829] [info] Layer resnet18 Conv_0 finish at 615396
[2025-04-07 13:32:13.830] [info] Total compute time 615396
[2025-04-07 13:32:13.830] [info] Layer MaxPool_2 47: Enqueue
[2025-04-07 13:32:13.830] [info] Layer resnet18 MaxPool_2 finish at 615398
[2025-04-07 13:32:13.830] [info] Total compute time 2
[2025-04-07 13:32:13.830] [info] Layer Conv_3 49: Enqueue
[2025-04-07 13:32:13.843] [info] Core [0] : MatMul active cycle 85 Vector active cycle 0 
[2025-04-07 13:32:13.843] [info] Core [0] : issued tile 1 
[2025-04-07 13:32:13.843] [info] Core [0] : Memory unit idle cycle 7395 Systolic bubble cycle 0 Core idle cycle 0 
[2025-04-07 13:32:13.843] [info] Core [0] : Systolic Array Utilization(%) 92.43 (1.06% PE util), Vector Unit Utilization(%) 0.00, Total cycle: 616000
[2025-04-07 13:32:13.864] [info] HBM2-CH_0: BW utilization 7% (784 reads, 112 writes)
[2025-04-07 13:32:13.875] [info] Core [0] : MatMul active cycle 784 Vector active cycle 0 
[2025-04-07 13:32:13.875] [info] Core [0] : issued tile 1 
[2025-04-07 13:32:13.875] [info] Core [0] : Memory unit idle cycle 6808 Systolic bubble cycle 0 Core idle cycle 0 
[2025-04-07 13:32:13.875] [info] Core [0] : Systolic Array Utilization(%) 80.24 (9.80% PE util), Vector Unit Utilization(%) 0.00, Total cycle: 624000
[2025-04-07 13:32:13.889] [info] HBM2-CH_0: BW utilization 0% (0 reads, 0 writes)
[2025-04-07 13:32:13.895] [info] Core [0] : MatMul active cycle 2352 Vector active cycle 0 
[2025-04-07 13:32:13.895] [info] Core [0] : issued tile 1 
[2025-04-07 13:32:13.895] [info] Core [0] : Memory unit idle cycle 8000 Systolic bubble cycle 0 Core idle cycle 0 
[2025-04-07 13:32:13.895] [info] Core [0] : Systolic Array Utilization(%) 100.00 (29.40% PE util), Vector Unit Utilization(%) 0.00, Total cycle: 632000
[2025-04-07 13:32:13.914] [info] HBM2-CH_0: BW utilization 0% (0 reads, 0 writes)
[2025-04-07 13:32:13.915] [info] Core [0] : MatMul active cycle 2352 Vector active cycle 0 
[2025-04-07 13:32:13.915] [info] Core [0] : issued tile 1 
[2025-04-07 13:32:13.915] [info] Core [0] : Memory unit idle cycle 8000 Systolic bubble cycle 0 Core idle cycle 0 
[2025-04-07 13:32:13.915] [info] Core [0] : Systolic Array Utilization(%) 100.00 (29.40% PE util), Vector Unit Utilization(%) 0.00, Total cycle: 640000
[2025-04-07 13:32:13.933] [info] Layer resnet18 Conv_3 finish at 646061
[2025-04-07 13:32:13.933] [info] Total compute time 30663
[2025-04-07 13:32:13.933] [info] Layer Conv_5 51: Enqueue
[2025-04-07 13:32:13.954] [info] Core [0] : MatMul active cycle 1568 Vector active cycle 0 
[2025-04-07 13:32:13.954] [info] Core [0] : issued tile 1 
[2025-04-07 13:32:13.954] [info] Core [0] : Memory unit idle cycle 6060 Systolic bubble cycle 0 Core idle cycle 0 
[2025-04-07 13:32:13.954] [info] Core [0] : Systolic Array Utilization(%) 75.74 (19.60% PE util), Vector Unit Utilization(%) 0.00, Total cycle: 648000
[2025-04-07 13:32:13.968] [info] HBM2-CH_0: BW utilization 13% (787 reads, 784 writes)
[2025-04-07 13:32:13.984] [info] Core [0] : MatMul active cycle 784 Vector active cycle 0 
[2025-04-07 13:32:13.984] [info] Core [0] : issued tile 1 
[2025-04-07 13:32:13.984] [info] Core [0] : Memory unit idle cycle 6799 Systolic bubble cycle 0 Core idle cycle 0 
[2025-04-07 13:32:13.984] [info] Core [0] : Systolic Array Utilization(%) 81.29 (9.80% PE util), Vector Unit Utilization(%) 0.00, Total cycle: 656000
[2025-04-07 13:32:13.993] [info] HBM2-CH_0: BW utilization 0% (0 reads, 0 writes)
[2025-04-07 13:32:14.004] [info] Core [0] : MatMul active cycle 2352 Vector active cycle 0 
[2025-04-07 13:32:14.004] [info] Core [0] : issued tile 1 
[2025-04-07 13:32:14.004] [info] Core [0] : Memory unit idle cycle 8000 Systolic bubble cycle 0 Core idle cycle 0 
[2025-04-07 13:32:14.004] [info] Core [0] : Systolic Array Utilization(%) 100.00 (29.40% PE util), Vector Unit Utilization(%) 0.00, Total cycle: 664000
[2025-04-07 13:32:14.018] [info] HBM2-CH_0: BW utilization 0% (0 reads, 0 writes)
[2025-04-07 13:32:14.024] [info] Core [0] : MatMul active cycle 2352 Vector active cycle 0 
[2025-04-07 13:32:14.024] [info] Core [0] : issued tile 1 
[2025-04-07 13:32:14.024] [info] Core [0] : Memory unit idle cycle 8000 Systolic bubble cycle 0 Core idle cycle 0 
[2025-04-07 13:32:14.024] [info] Core [0] : Systolic Array Utilization(%) 100.00 (29.40% PE util), Vector Unit Utilization(%) 0.00, Total cycle: 672000
[2025-04-07 13:32:14.041] [info] Layer resnet18 Conv_5 finish at 677977
[2025-04-07 13:32:14.041] [info] Total compute time 31916
[2025-04-07 13:32:14.041] [info] Layer Conv_8 53: Enqueue
[2025-04-07 13:32:14.060] [info] HBM2-CH_0: BW utilization 7% (79 reads, 777 writes)
[2025-04-07 13:32:14.063] [info] Core [0] : MatMul active cycle 1568 Vector active cycle 0 
[2025-04-07 13:32:14.064] [info] Core [0] : issued tile 1 
[2025-04-07 13:32:14.064] [info] Core [0] : Memory unit idle cycle 5976 Systolic bubble cycle 0 Core idle cycle 0 
[2025-04-07 13:32:14.064] [info] Core [0] : Systolic Array Utilization(%) 74.69 (19.60% PE util), Vector Unit Utilization(%) 0.00, Total cycle: 680000
[2025-04-07 13:32:14.094] [info] Core [0] : MatMul active cycle 1568 Vector active cycle 0 
[2025-04-07 13:32:14.094] [info] Core [0] : issued tile 1 
[2025-04-07 13:32:14.094] [info] Core [0] : Memory unit idle cycle 6883 Systolic bubble cycle 0 Core idle cycle 0 
[2025-04-07 13:32:14.094] [info] Core [0] : Systolic Array Utilization(%) 82.35 (19.60% PE util), Vector Unit Utilization(%) 0.00, Total cycle: 688000
[2025-04-07 13:32:14.100] [info] HBM2-CH_0: BW utilization 5% (706 reads, 6 writes)
[2025-04-07 13:32:14.116] [info] Core [0] : MatMul active cycle 1568 Vector active cycle 0 
[2025-04-07 13:32:14.116] [info] Core [0] : issued tile 1 
[2025-04-07 13:32:14.116] [info] Core [0] : Memory unit idle cycle 8000 Systolic bubble cycle 0 Core idle cycle 0 
[2025-04-07 13:32:14.116] [info] Core [0] : Systolic Array Utilization(%) 100.00 (19.60% PE util), Vector Unit Utilization(%) 0.00, Total cycle: 696000
[2025-04-07 13:32:14.125] [info] HBM2-CH_0: BW utilization 0% (0 reads, 0 writes)
[2025-04-07 13:32:14.136] [info] Core [0] : MatMul active cycle 2352 Vector active cycle 0 
[2025-04-07 13:32:14.136] [info] Core [0] : issued tile 1 
[2025-04-07 13:32:14.136] [info] Core [0] : Memory unit idle cycle 8000 Systolic bubble cycle 0 Core idle cycle 0 
[2025-04-07 13:32:14.136] [info] Core [0] : Systolic Array Utilization(%) 100.00 (29.40% PE util), Vector Unit Utilization(%) 0.00, Total cycle: 704000
[2025-04-07 13:32:14.150] [info] HBM2-CH_0: BW utilization 0% (0 reads, 0 writes)
[2025-04-07 13:32:14.152] [info] Layer resnet18 Conv_8 finish at 709892
[2025-04-07 13:32:14.152] [info] Total compute time 31915
[2025-04-07 13:32:14.153] [info] Layer Conv_10 55: Enqueue
[2025-04-07 13:32:14.176] [info] Core [0] : MatMul active cycle 1568 Vector active cycle 0 
[2025-04-07 13:32:14.176] [info] Core [0] : issued tile 1 
[2025-04-07 13:32:14.176] [info] Core [0] : Memory unit idle cycle 5891 Systolic bubble cycle 0 Core idle cycle 0 
[2025-04-07 13:32:14.176] [info] Core [0] : Systolic Array Utilization(%) 73.62 (19.60% PE util), Vector Unit Utilization(%) 0.00, Total cycle: 712000
[2025-04-07 13:32:14.202] [info] HBM2-CH_0: BW utilization 13% (786 reads, 784 writes)
[2025-04-07 13:32:14.203] [info] Core [0] : MatMul active cycle 1568 Vector active cycle 0 
[2025-04-07 13:32:14.203] [info] Core [0] : issued tile 1 
[2025-04-07 13:32:14.203] [info] Core [0] : Memory unit idle cycle 6968 Systolic bubble cycle 0 Core idle cycle 0 
[2025-04-07 13:32:14.203] [info] Core [0] : Systolic Array Utilization(%) 83.41 (19.60% PE util), Vector Unit Utilization(%) 0.00, Total cycle: 720000
[2025-04-07 13:32:14.223] [info] Core [0] : MatMul active cycle 1568 Vector active cycle 0 
[2025-04-07 13:32:14.223] [info] Core [0] : issued tile 1 
[2025-04-07 13:32:14.224] [info] Core [0] : Memory unit idle cycle 8000 Systolic bubble cycle 0 Core idle cycle 0 
[2025-04-07 13:32:14.224] [info] Core [0] : Systolic Array Utilization(%) 100.00 (19.60% PE util), Vector Unit Utilization(%) 0.00, Total cycle: 728000
[2025-04-07 13:32:14.229] [info] HBM2-CH_0: BW utilization 0% (0 reads, 0 writes)
[2025-04-07 13:32:14.246] [info] Core [0] : MatMul active cycle 2352 Vector active cycle 0 
[2025-04-07 13:32:14.246] [info] Core [0] : issued tile 1 
[2025-04-07 13:32:14.246] [info] Core [0] : Memory unit idle cycle 8000 Systolic bubble cycle 0 Core idle cycle 0 
[2025-04-07 13:32:14.246] [info] Core [0] : Systolic Array Utilization(%) 100.00 (29.40% PE util), Vector Unit Utilization(%) 0.00, Total cycle: 736000
[2025-04-07 13:32:14.255] [info] HBM2-CH_0: BW utilization 0% (0 reads, 0 writes)
[2025-04-07 13:32:14.262] [info] Layer resnet18 Conv_10 finish at 741807
[2025-04-07 13:32:14.262] [info] Total compute time 31915
[2025-04-07 13:32:14.262] [info] Layer Conv_13 57: Enqueue
[2025-04-07 13:32:14.262] [info] Layer Conv_16 59: launched before finish prior layer
[2025-04-07 13:32:14.288] [info] Core [0] : MatMul active cycle 1568 Vector active cycle 0 
[2025-04-07 13:32:14.288] [info] Core [0] : issued tile 2 
[2025-04-07 13:32:14.288] [info] Core [0] : Memory unit idle cycle 5806 Systolic bubble cycle 0 Core idle cycle 0 
[2025-04-07 13:32:14.288] [info] Core [0] : Systolic Array Utilization(%) 72.56 (19.60% PE util), Vector Unit Utilization(%) 0.00, Total cycle: 744000
[2025-04-07 13:32:14.303] [info] HBM2-CH_0: BW utilization 9% (391 reads, 785 writes)
[2025-04-07 13:32:14.307] [info] Layer resnet18 Conv_13 finish at 751454
[2025-04-07 13:32:14.308] [info] Total compute time 9647
[2025-04-07 13:32:14.314] [info] Core [0] : MatMul active cycle 3528 Vector active cycle 0 
[2025-04-07 13:32:14.314] [info] Core [0] : issued tile 1 
[2025-04-07 13:32:14.314] [info] Core [0] : Memory unit idle cycle 7290 Systolic bubble cycle 0 Core idle cycle 0 
[2025-04-07 13:32:14.314] [info] Core [0] : Systolic Array Utilization(%) 98.22 (44.10% PE util), Vector Unit Utilization(%) 0.00, Total cycle: 752000
[2025-04-07 13:32:14.317] [info] Layer resnet18 Conv_16 finish at 752238
[2025-04-07 13:32:14.317] [info] Total compute time 10431
[2025-04-07 13:32:14.317] [info] Layer Conv_15 61: Enqueue
[2025-04-07 13:32:14.350] [info] HBM2-CH_0: BW utilization 9% (397 reads, 784 writes)
[2025-04-07 13:32:14.351] [info] Core [0] : MatMul active cycle 5880 Vector active cycle 0 
[2025-04-07 13:32:14.351] [info] Core [0] : issued tile 1 
[2025-04-07 13:32:14.351] [info] Core [0] : Memory unit idle cycle 6186 Systolic bubble cycle 0 Core idle cycle 0 
[2025-04-07 13:32:14.351] [info] Core [0] : Systolic Array Utilization(%) 76.60 (73.50% PE util), Vector Unit Utilization(%) 0.00, Total cycle: 760000
[2025-04-07 13:32:14.355] [info] Layer resnet18 Conv_15 finish at 761420
[2025-04-07 13:32:14.355] [info] Total compute time 9182
[2025-04-07 13:32:14.355] [info] Layer Conv_19 63: Enqueue
[2025-04-07 13:32:14.385] [info] Core [0] : MatMul active cycle 5488 Vector active cycle 0 
[2025-04-07 13:32:14.386] [info] Core [0] : issued tile 1 
[2025-04-07 13:32:14.386] [info] Core [0] : Memory unit idle cycle 6423 Systolic bubble cycle 0 Core idle cycle 0 
[2025-04-07 13:32:14.386] [info] Core [0] : Systolic Array Utilization(%) 76.68 (68.60% PE util), Vector Unit Utilization(%) 0.00, Total cycle: 768000
[2025-04-07 13:32:14.390] [info] HBM2-CH_0: BW utilization 6% (396 reads, 392 writes)
[2025-04-07 13:32:14.393] [info] Layer resnet18 Conv_19 finish at 770596
[2025-04-07 13:32:14.393] [info] Total compute time 9176
[2025-04-07 13:32:14.393] [info] Layer Conv_21 65: Enqueue
[2025-04-07 13:32:14.419] [info] Core [0] : MatMul active cycle 6272 Vector active cycle 0 
[2025-04-07 13:32:14.419] [info] Core [0] : issued tile 1 
[2025-04-07 13:32:14.419] [info] Core [0] : Memory unit idle cycle 6423 Systolic bubble cycle 0 Core idle cycle 0 
[2025-04-07 13:32:14.419] [info] Core [0] : Systolic Array Utilization(%) 76.71 (78.40% PE util), Vector Unit Utilization(%) 0.00, Total cycle: 776000
[2025-04-07 13:32:14.428] [info] HBM2-CH_0: BW utilization 6% (395 reads, 391 writes)
[2025-04-07 13:32:14.429] [info] Layer resnet18 Conv_21 finish at 779769
[2025-04-07 13:32:14.429] [info] Total compute time 9173
[2025-04-07 13:32:14.429] [info] Layer Conv_24 67: Enqueue
[2025-04-07 13:32:14.429] [info] Layer Conv_27 69: launched before finish prior layer
[2025-04-07 13:32:14.451] [info] Core [0] : MatMul active cycle 6468 Vector active cycle 0 
[2025-04-07 13:32:14.451] [info] Core [0] : issued tile 2 
[2025-04-07 13:32:14.451] [info] Core [0] : Memory unit idle cycle 6608 Systolic bubble cycle 0 Core idle cycle 0 
[2025-04-07 13:32:14.451] [info] Core [0] : Systolic Array Utilization(%) 84.18 (80.85% PE util), Vector Unit Utilization(%) 0.00, Total cycle: 784000
[2025-04-07 13:32:14.453] [info] Layer resnet18 Conv_24 finish at 784817
[2025-04-07 13:32:14.453] [info] Total compute time 5048
[2025-04-07 13:32:14.459] [info] Layer resnet18 Conv_27 finish at 785209
[2025-04-07 13:32:14.459] [info] Total compute time 5440
[2025-04-07 13:32:14.459] [info] Layer Conv_26 71: Enqueue
[2025-04-07 13:32:14.474] [info] HBM2-CH_0: BW utilization 10% (429 reads, 784 writes)
[2025-04-07 13:32:14.483] [info] Core [0] : MatMul active cycle 6860 Vector active cycle 0 
[2025-04-07 13:32:14.483] [info] Core [0] : issued tile 1 
[2025-04-07 13:32:14.483] [info] Core [0] : Memory unit idle cycle 6788 Systolic bubble cycle 0 Core idle cycle 0 
[2025-04-07 13:32:14.483] [info] Core [0] : Systolic Array Utilization(%) 89.10 (85.75% PE util), Vector Unit Utilization(%) 0.00, Total cycle: 792000
[2025-04-07 13:32:14.487] [info] Layer resnet18 Conv_26 finish at 793391
[2025-04-07 13:32:14.487] [info] Total compute time 8182
[2025-04-07 13:32:14.487] [info] Layer Conv_30 73: Enqueue
[2025-04-07 13:32:14.511] [info] HBM2-CH_0: BW utilization 4% (214 reads, 293 writes)
[2025-04-07 13:32:14.512] [info] Core [0] : MatMul active cycle 6860 Vector active cycle 0 
[2025-04-07 13:32:14.512] [info] Core [0] : issued tile 1 
[2025-04-07 13:32:14.512] [info] Core [0] : Memory unit idle cycle 7180 Systolic bubble cycle 0 Core idle cycle 0 
[2025-04-07 13:32:14.512] [info] Core [0] : Systolic Array Utilization(%) 89.10 (85.75% PE util), Vector Unit Utilization(%) 0.00, Total cycle: 800000
[2025-04-07 13:32:14.516] [info] Layer resnet18 Conv_30 finish at 801573
[2025-04-07 13:32:14.516] [info] Total compute time 8182
[2025-04-07 13:32:14.516] [info] Layer Conv_32 75: Enqueue
[2025-04-07 13:32:14.538] [info] Core [0] : MatMul active cycle 7056 Vector active cycle 0 
[2025-04-07 13:32:14.538] [info] Core [0] : issued tile 1 
[2025-04-07 13:32:14.538] [info] Core [0] : Memory unit idle cycle 7180 Systolic bubble cycle 0 Core idle cycle 0 
[2025-04-07 13:32:14.538] [info] Core [0] : Systolic Array Utilization(%) 89.09 (88.20% PE util), Vector Unit Utilization(%) 0.00, Total cycle: 808000
[2025-04-07 13:32:14.543] [info] HBM2-CH_0: BW utilization 3% (214 reads, 196 writes)
[2025-04-07 13:32:14.543] [info] Layer resnet18 Conv_32 finish at 809756
[2025-04-07 13:32:14.543] [info] Total compute time 8183
[2025-04-07 13:32:14.543] [info] Layer Conv_35 77: Enqueue
[2025-04-07 13:32:14.543] [info] Layer Conv_38 79: launched before finish prior layer
[2025-04-07 13:32:14.562] [info] Core [0] : MatMul active cycle 3822 Vector active cycle 0 
[2025-04-07 13:32:14.562] [info] Core [0] : issued tile 2 
[2025-04-07 13:32:14.562] [info] Core [0] : Memory unit idle cycle 7430 Systolic bubble cycle 0 Core idle cycle 0 
[2025-04-07 13:32:14.562] [info] Core [0] : Systolic Array Utilization(%) 92.76 (47.78% PE util), Vector Unit Utilization(%) 0.00, Total cycle: 816000
[2025-04-07 13:32:14.571] [info] HBM2-CH_0: BW utilization 2% (137 reads, 171 writes)
[2025-04-07 13:32:14.571] [info] Layer resnet18 Conv_35 finish at 819726
[2025-04-07 13:32:14.571] [info] Total compute time 9970
[2025-04-07 13:32:14.575] [info] Layer resnet18 Conv_38 finish at 820750
[2025-04-07 13:32:14.575] [info] Total compute time 10994
[2025-04-07 13:32:14.575] [info] Layer Conv_37 81: Enqueue
[2025-04-07 13:32:14.586] [info] Core [0] : MatMul active cycle 2793 Vector active cycle 0 
[2025-04-07 13:32:14.586] [info] Core [0] : issued tile 1 
[2025-04-07 13:32:14.586] [info] Core [0] : Memory unit idle cycle 7366 Systolic bubble cycle 0 Core idle cycle 0 
[2025-04-07 13:32:14.586] [info] Core [0] : Systolic Array Utilization(%) 93.39 (34.91% PE util), Vector Unit Utilization(%) 0.00, Total cycle: 824000
[2025-04-07 13:32:14.602] [info] HBM2-CH_0: BW utilization 2% (170 reads, 146 writes)
[2025-04-07 13:32:14.608] [info] Core [0] : MatMul active cycle 3087 Vector active cycle 0 
[2025-04-07 13:32:14.608] [info] Core [0] : issued tile 1 
[2025-04-07 13:32:14.608] [info] Core [0] : Memory unit idle cycle 7902 Systolic bubble cycle 0 Core idle cycle 0 
[2025-04-07 13:32:14.608] [info] Core [0] : Systolic Array Utilization(%) 100.00 (38.59% PE util), Vector Unit Utilization(%) 0.00, Total cycle: 832000
[2025-04-07 13:32:14.629] [info] HBM2-CH_0: BW utilization 0% (0 reads, 49 writes)
[2025-04-07 13:32:14.629] [info] Layer resnet18 Conv_37 finish at 839886
[2025-04-07 13:32:14.629] [info] Total compute time 19136
[2025-04-07 13:32:14.629] [info] Layer Conv_41 83: Enqueue
[2025-04-07 13:32:14.631] [info] Core [0] : MatMul active cycle 3038 Vector active cycle 0 
[2025-04-07 13:32:14.631] [info] Core [0] : issued tile 1 
[2025-04-07 13:32:14.631] [info] Core [0] : Memory unit idle cycle 7836 Systolic bubble cycle 0 Core idle cycle 0 
[2025-04-07 13:32:14.631] [info] Core [0] : Systolic Array Utilization(%) 98.55 (37.97% PE util), Vector Unit Utilization(%) 0.00, Total cycle: 840000
[2025-04-07 13:32:14.655] [info] Core [0] : MatMul active cycle 2793 Vector active cycle 0 
[2025-04-07 13:32:14.655] [info] Core [0] : issued tile 1 
[2025-04-07 13:32:14.655] [info] Core [0] : Memory unit idle cycle 7677 Systolic bubble cycle 0 Core idle cycle 0 
[2025-04-07 13:32:14.655] [info] Core [0] : Systolic Array Utilization(%) 94.84 (34.91% PE util), Vector Unit Utilization(%) 0.00, Total cycle: 848000
[2025-04-07 13:32:14.660] [info] HBM2-CH_0: BW utilization 1% (171 reads, 48 writes)
[2025-04-07 13:32:14.677] [info] Core [0] : MatMul active cycle 3087 Vector active cycle 0 
[2025-04-07 13:32:14.677] [info] Core [0] : issued tile 1 
[2025-04-07 13:32:14.677] [info] Core [0] : Memory unit idle cycle 7902 Systolic bubble cycle 0 Core idle cycle 0 
[2025-04-07 13:32:14.677] [info] Core [0] : Systolic Array Utilization(%) 100.00 (38.59% PE util), Vector Unit Utilization(%) 0.00, Total cycle: 856000
[2025-04-07 13:32:14.685] [info] Layer resnet18 Conv_41 finish at 859022
[2025-04-07 13:32:14.685] [info] Total compute time 19136
[2025-04-07 13:32:14.685] [info] Layer Conv_43 85: Enqueue
[2025-04-07 13:32:14.690] [info] HBM2-CH_0: BW utilization 2% (170 reads, 73 writes)
[2025-04-07 13:32:14.701] [info] Core [0] : MatMul active cycle 2793 Vector active cycle 0 
[2025-04-07 13:32:14.701] [info] Core [0] : issued tile 1 
[2025-04-07 13:32:14.701] [info] Core [0] : Memory unit idle cycle 7611 Systolic bubble cycle 0 Core idle cycle 0 
[2025-04-07 13:32:14.701] [info] Core [0] : Systolic Array Utilization(%) 93.39 (34.91% PE util), Vector Unit Utilization(%) 0.00, Total cycle: 864000
[2025-04-07 13:32:14.717] [info] HBM2-CH_0: BW utilization 0% (0 reads, 49 writes)
[2025-04-07 13:32:14.723] [info] Core [0] : MatMul active cycle 3038 Vector active cycle 0 
[2025-04-07 13:32:14.723] [info] Core [0] : issued tile 1 
[2025-04-07 13:32:14.723] [info] Core [0] : Memory unit idle cycle 7902 Systolic bubble cycle 0 Core idle cycle 0 
[2025-04-07 13:32:14.723] [info] Core [0] : Systolic Array Utilization(%) 100.00 (37.97% PE util), Vector Unit Utilization(%) 0.00, Total cycle: 872000
[2025-04-07 13:32:14.740] [info] Layer resnet18 Conv_43 finish at 878158
[2025-04-07 13:32:14.740] [info] Total compute time 19136
[2025-04-07 13:32:14.740] [info] Layer GlobalAveragePool_46 87: Enqueue
[2025-04-07 13:32:14.740] [info] Layer resnet18 GlobalAveragePool_46 finish at 878159
[2025-04-07 13:32:14.740] [info] Total compute time 1
[2025-04-07 13:32:14.740] [info] Layer Flatten_47 89: Enqueue
[2025-04-07 13:32:14.740] [info] Layer resnet18 Flatten_47 finish at 878160
[2025-04-07 13:32:14.740] [info] Total compute time 1
[2025-04-07 13:32:14.740] [info] Layer Gemm_48 91: Enqueue
[2025-04-07 13:32:14.759] [info] HBM2-CH_0: BW utilization 6% (707 reads, 49 writes)
[2025-04-07 13:32:14.763] [info] Core [0] : MatMul active cycle 2407 Vector active cycle 0 
[2025-04-07 13:32:14.763] [info] Core [0] : issued tile 2 
[2025-04-07 13:32:14.763] [info] Core [0] : Memory unit idle cycle 6108 Systolic bubble cycle 0 Core idle cycle 0 
[2025-04-07 13:32:14.763] [info] Core [0] : Systolic Array Utilization(%) 89.11 (30.09% PE util), Vector Unit Utilization(%) 0.00, Total cycle: 880000
[2025-04-07 13:32:14.791] [info] Layer resnet18 Gemm_48 finish at 883255
[2025-04-07 13:32:14.791] [info] Total compute time 5095
[2025-04-07 13:32:14.791] [info] Model[resnet18] Request: 0 us, Start: 0 us, finish:883 us Current Cycle:883255
[2025-04-07 13:32:14.791] [info] No total_seq_len!
[2025-04-07 13:32:14.791] [info] Simulation Finished at 883257 cycle 883 us
[2025-04-07 13:32:14.791] [info] Core [0] : MatMul active cycle 110670 Vector active cycle 0 
[2025-04-07 13:32:14.792] [info] Core [0] : Memory unit idle cycle 846488 Systolic bubble cycle 0 Core idle cycle 0 
[2025-04-07 13:32:14.792] [info] Core [0] : Systolic Array Utilization(%) 96.85 (12.53% PE util), Vector Unit Utilization(%) 0.00, Total cycle: 883257
[2025-04-07 13:32:14.792] [info] Core [0] : Systolic Inst Issue Count : 941
[2025-04-07 13:32:14.792] [info] Core [0] : Systolic PRELOAD Issue Count : 941
[2025-04-07 13:32:14.792] [info] Core [1] : MatMul active cycle 0 Vector active cycle 0 
[2025-04-07 13:32:14.792] [info] Core [1] : Memory unit idle cycle 883257 Systolic bubble cycle 0 Core idle cycle 883257 
[2025-04-07 13:32:14.792] [info] Core [1] : Systolic Array Utilization(%) 0.00 (0.00% PE util), Vector Unit Utilization(%) 0.00, Total cycle: 883257
[2025-04-07 13:32:14.792] [info] Core [1] : Systolic Inst Issue Count : 0
[2025-04-07 13:32:14.792] [info] Core [1] : Systolic PRELOAD Issue Count : 0
[2025-04-07 13:32:14.792] [info] Core [2] : MatMul active cycle 0 Vector active cycle 0 
[2025-04-07 13:32:14.792] [info] Core [2] : Memory unit idle cycle 883257 Systolic bubble cycle 0 Core idle cycle 883257 
[2025-04-07 13:32:14.792] [info] Core [2] : Systolic Array Utilization(%) 0.00 (0.00% PE util), Vector Unit Utilization(%) 0.00, Total cycle: 883257
[2025-04-07 13:32:14.792] [info] Core [2] : Systolic Inst Issue Count : 0
[2025-04-07 13:32:14.792] [info] Core [2] : Systolic PRELOAD Issue Count : 0
[2025-04-07 13:32:14.792] [info] Core [3] : MatMul active cycle 0 Vector active cycle 0 
[2025-04-07 13:32:14.792] [info] Core [3] : Memory unit idle cycle 883257 Systolic bubble cycle 0 Core idle cycle 883257 
[2025-04-07 13:32:14.792] [info] Core [3] : Systolic Array Utilization(%) 0.00 (0.00% PE util), Vector Unit Utilization(%) 0.00, Total cycle: 883257
[2025-04-07 13:32:14.792] [info] Core [3] : Systolic Inst Issue Count : 0
[2025-04-07 13:32:14.792] [info] Core [3] : Systolic PRELOAD Issue Count : 0
Frontend:
  impl: GEM5

[2025-04-07 13:32:14.792] [info] Row hits: 16802, Row misses: 37, Row conflicts: 1534
MemorySystem:
  impl: GenericDRAM
  total_num_other_requests: 0
  total_num_write_requests: 9701
  total_num_read_requests: 8672
  memory_system_cycles: 1060332
  DRAM:
    impl: HBM2
  AddrMapper:
    impl: RoBaRaCoCh
  Controller:
    impl: Generic
    id: Channel 0
    Scheduler:
      impl: FRFCFS
    RefreshManager:
      impl: AllBank



[2025-04-07 13:32:14.792] [info] HBM2-CH_0: avg BW utilization 1% (8672 reads, 9701 writes)
Frontend:
  impl: GEM5

[2025-04-07 13:32:14.792] [info] Row hits: 16811, Row misses: 42, Row conflicts: 1525
MemorySystem:
  impl: GenericDRAM
  total_num_other_requests: 0
  total_num_write_requests: 9711
  total_num_read_requests: 8668
  memory_system_cycles: 1060332
  DRAM:
    impl: HBM2
  AddrMapper:
    impl: RoBaRaCoCh
  Controller:
    impl: Generic
    id: Channel 0
    Scheduler:
      impl: FRFCFS
    RefreshManager:
      impl: AllBank



Frontend:
  impl: GEM5

[2025-04-07 13:32:14.792] [info] Row hits: 16809, Row misses: 40, Row conflicts: 1528
MemorySystem:
  impl: GenericDRAM
  total_num_other_requests: 0
  total_num_write_requests: 9711
  total_num_read_requests: 8667
  memory_system_cycles: 1060332
  DRAM:
    impl: HBM2
  AddrMapper:
    impl: RoBaRaCoCh
  Controller:
    impl: Generic
    id: Channel 0
    Scheduler:
      impl: FRFCFS
    RefreshManager:
      impl: AllBank



Frontend:
  impl: GEM5

[2025-04-07 13:32:14.792] [info] Row hits: 16815, Row misses: 37, Row conflicts: 1534
MemorySystem:
  impl: GenericDRAM
  total_num_other_requests: 0
  total_num_write_requests: 9701
  total_num_read_requests: 8685
  memory_system_cycles: 1060332
  DRAM:
    impl: HBM2
  AddrMapper:
    impl: RoBaRaCoCh
  Controller:
    impl: Generic
    id: Channel 0
    Scheduler:
      impl: FRFCFS
    RefreshManager:
      impl: AllBank



Frontend:
  impl: GEM5

[2025-04-07 13:32:14.792] [info] Row hits: 16814, Row misses: 41, Row conflicts: 1524
MemorySystem:
  impl: GenericDRAM
  total_num_other_requests: 0
  total_num_write_requests: 9711
  total_num_read_requests: 8669
  memory_system_cycles: 1060332
  DRAM:
    impl: HBM2
  AddrMapper:
    impl: RoBaRaCoCh
  Controller:
    impl: Generic
    id: Channel 0
    Scheduler:
      impl: FRFCFS
    RefreshManager:
      impl: AllBank



Frontend:
  impl: GEM5

[2025-04-07 13:32:14.792] [info] Row hits: 16809, Row misses: 38, Row conflicts: 1532
MemorySystem:
  impl: GenericDRAM
  total_num_other_requests: 0
  total_num_write_requests: 9701
  total_num_read_requests: 8678
  memory_system_cycles: 1060332
  DRAM:
    impl: HBM2
  AddrMapper:
    impl: RoBaRaCoCh
  Controller:
    impl: Generic
    id: Channel 0
    Scheduler:
      impl: FRFCFS
    RefreshManager:
      impl: AllBank



Frontend:
  impl: GEM5

[2025-04-07 13:32:14.792] [info] Row hits: 16818, Row misses: 38, Row conflicts: 1532
MemorySystem:
  impl: GenericDRAM
  total_num_other_requests: 0
  total_num_write_requests: 9701
  total_num_read_requests: 8687
  memory_system_cycles: 1060332
  DRAM:
    impl: HBM2
  AddrMapper:
    impl: RoBaRaCoCh
  Controller:
    impl: Generic
    id: Channel 0
    Scheduler:
      impl: FRFCFS
    RefreshManager:
      impl: AllBank



Frontend:
  impl: GEM5

[2025-04-07 13:32:14.792] [info] Row hits: 16815, Row misses: 42, Row conflicts: 1524
MemorySystem:
  impl: GenericDRAM
  total_num_other_requests: 0
  total_num_write_requests: 9711
  total_num_read_requests: 8671
  memory_system_cycles: 1060332
  DRAM:
    impl: HBM2
  AddrMapper:
    impl: RoBaRaCoCh
  Controller:
    impl: Generic
    id: Channel 0
    Scheduler:
      impl: FRFCFS
    RefreshManager:
      impl: AllBank



Frontend:
  impl: GEM5

[2025-04-07 13:32:14.792] [info] Row hits: 16813, Row misses: 41, Row conflicts: 1528
MemorySystem:
  impl: GenericDRAM
  total_num_other_requests: 0
  total_num_write_requests: 9711
  total_num_read_requests: 8672
  memory_system_cycles: 1060332
  DRAM:
    impl: HBM2
  AddrMapper:
    impl: RoBaRaCoCh
  Controller:
    impl: Generic
    id: Channel 0
    Scheduler:
      impl: FRFCFS
    RefreshManager:
      impl: AllBank



Frontend:
  impl: GEM5

[2025-04-07 13:32:14.792] [info] Row hits: 16818, Row misses: 38, Row conflicts: 1534
MemorySystem:
  impl: GenericDRAM
  total_num_other_requests: 0
  total_num_write_requests: 9701
  total_num_read_requests: 8690
  memory_system_cycles: 1060332
  DRAM:
    impl: HBM2
  AddrMapper:
    impl: RoBaRaCoCh
  Controller:
    impl: Generic
    id: Channel 0
    Scheduler:
      impl: FRFCFS
    RefreshManager:
      impl: AllBank



Frontend:
  impl: GEM5

[2025-04-07 13:32:14.792] [info] Row hits: 16816, Row misses: 38, Row conflicts: 1534
MemorySystem:
  impl: GenericDRAM
  total_num_other_requests: 0
  total_num_write_requests: 9700
  total_num_read_requests: 8689
  memory_system_cycles: 1060332
  DRAM:
    impl: HBM2
  AddrMapper:
    impl: RoBaRaCoCh
  Controller:
    impl: Generic
    id: Channel 0
    Scheduler:
      impl: FRFCFS
    RefreshManager:
      impl: AllBank



Frontend:
  impl: GEM5

[2025-04-07 13:32:14.792] [info] Row hits: 16801, Row misses: 41, Row conflicts: 1528
MemorySystem:
  impl: GenericDRAM
  total_num_other_requests: 0
  total_num_write_requests: 9711
  total_num_read_requests: 8660
  memory_system_cycles: 1060332
  DRAM:
    impl: HBM2
  AddrMapper:
    impl: RoBaRaCoCh
  Controller:
    impl: Generic
    id: Channel 0
    Scheduler:
      impl: FRFCFS
    RefreshManager:
      impl: AllBank



Frontend:
  impl: GEM5

[2025-04-07 13:32:14.793] [info] Row hits: 16817, Row misses: 38, Row conflicts: 1534
MemorySystem:
  impl: GenericDRAM
  total_num_other_requests: 0
  total_num_write_requests: 9701
  total_num_read_requests: 8689
  memory_system_cycles: 1060332
  DRAM:
    impl: HBM2
  AddrMapper:
    impl: RoBaRaCoCh
  Controller:
    impl: Generic
    id: Channel 0
    Scheduler:
      impl: FRFCFS
    RefreshManager:
      impl: AllBank



Frontend:
  impl: GEM5

[2025-04-07 13:32:14.793] [info] Row hits: 16814, Row misses: 41, Row conflicts: 1527
MemorySystem:
  impl: GenericDRAM
  total_num_other_requests: 0
  total_num_write_requests: 9711
  total_num_read_requests: 8672
  memory_system_cycles: 1060332
  DRAM:
    impl: HBM2
  AddrMapper:
    impl: RoBaRaCoCh
  Controller:
    impl: Generic
    id: Channel 0
    Scheduler:
      impl: FRFCFS
    RefreshManager:
      impl: AllBank



Frontend:
  impl: GEM5

[2025-04-07 13:32:14.793] [info] Row hits: 16805, Row misses: 39, Row conflicts: 1529
MemorySystem:
  impl: GenericDRAM
  total_num_other_requests: 0
  total_num_write_requests: 9711
  total_num_read_requests: 8663
  memory_system_cycles: 1060332
  DRAM:
    impl: HBM2
  AddrMapper:
    impl: RoBaRaCoCh
  Controller:
    impl: Generic
    id: Channel 0
    Scheduler:
      impl: FRFCFS
    RefreshManager:
      impl: AllBank



Frontend:
  impl: GEM5

[2025-04-07 13:32:14.793] [info] Row hits: 16815, Row misses: 38, Row conflicts: 1534
MemorySystem:
  impl: GenericDRAM
  total_num_other_requests: 0
  total_num_write_requests: 9701
  total_num_read_requests: 8687
  memory_system_cycles: 1060332
  DRAM:
    impl: HBM2
  AddrMapper:
    impl: RoBaRaCoCh
  Controller:
    impl: Generic
    id: Channel 0
    Scheduler:
      impl: FRFCFS
    RefreshManager:
      impl: AllBank



[2025-04-07 13:32:14.793] [info] Simulation time: 2.967925 seconds
[2025-04-07 13:32:14.793] [info] Total tile: 31, simulated tile per seconds(TPS): 12.677618
[2025-04-08 02:45:02.767] [info] CPU 0: Partition 0
[2025-04-08 02:45:02.767] [info] Running in default mode
[2025-04-08 02:45:02.768] [info] Simulator Configuration:
[2025-04-08 02:45:02.768] [info] [Core 0] Systolic Array Throughput: 8192 GFLOPS, Spad size: 16384 KB, Accumulator size: 2048 KB
[2025-04-08 02:45:02.768] [info] DRAM Bandwidth 8192 GB/s
[2025-04-08 02:45:02.768] [info] Ramulator2 config: ./configs/../configs/ramulator2_configs/HBM3.yaml
[2025-04-08 02:46:14.888] [info] CPU 0: Partition 0
[2025-04-08 02:46:14.888] [info] Running in default mode
[2025-04-08 02:46:14.888] [info] Simulator Configuration:
[2025-04-08 02:46:14.889] [info] [Core 0] Systolic Array Throughput: 8192 GFLOPS, Spad size: 16384 KB, Accumulator size: 2048 KB
[2025-04-08 02:46:14.889] [info] DRAM Bandwidth 8192 GB/s
[2025-04-08 02:46:14.889] [info] Ramulator2 config: ./configs/../configs/ramulator2_configs/HBM3.yaml
[2025-04-08 02:47:24.468] [info] CPU 0: Partition 0
[2025-04-08 02:47:24.468] [info] Running in default mode
[2025-04-08 02:47:24.468] [info] Simulator Configuration:
[2025-04-08 02:47:24.468] [info] [Core 0] Systolic Array Throughput: 8192 GFLOPS, Spad size: 16384 KB, Accumulator size: 2048 KB
[2025-04-08 02:47:24.468] [info] DRAM Bandwidth 8192 GB/s
[2025-04-08 02:47:24.468] [info] Ramulator2 config: ./configs/../configs/ramulator2_configs/HBM3.yaml
[2025-04-08 12:22:26.387] [info] CPU 0: Partition 0
[2025-04-08 12:22:26.388] [info] Running in default mode
[2025-04-08 12:22:26.388] [info] Simulator Configuration:
[2025-04-08 12:22:26.388] [info] [Core 0] Systolic Array Throughput: 8192 GFLOPS, Spad size: 16384 KB, Accumulator size: 2048 KB
[2025-04-08 12:22:26.388] [info] DRAM Bandwidth 16384 GB/s
[2025-04-08 12:22:26.389] [info] Ramulator2 config: ./configs/../configs/ramulator_configs/HBM-config.cfg
terminate called after throwing an instance of 'YAML::BadSubscript'
  what():  yaml-cpp: error at line 5, column 2: operator[] call on a scalar (key: "Frontend")
